2023-12-06T17:29:44+00:00 CRITICAL /var/www/html/wp-content/plugins/mailpoet/lib/Doctrine/ConnectionFactory.php 中第 85 行的 Uncaught Error: Undefined constant PDO::MYSQL_ATTR_INIT_COMMAND in /var/www/html/wp-content/plugins/mailpoet/lib/Doctrine/ConnectionFactory.php:85
Stack trace:
#0 /var/www/html/wp-content/plugins/mailpoet/lib/Doctrine/ConnectionFactory.php(45): MailPoet\Doctrine\ConnectionFactory->getDriverOptions('+08:00', 'utf8mb4', 'utf8mb4_unicode...')
#1 /var/www/html/wp-content/plugins/mailpoet/generated/FreeCachedContainer.php(614): MailPoet\Doctrine\ConnectionFactory->createConnection()
#2 /var/www/html/wp-content/plugins/mailpoet/generated/FreeCachedContainer.php(3174): MailPoetGenerated\FreeCachedContainer->getConnectionService()
#3 /var/www/html/wp-content/plugins/mailpoet/generated/FreeCachedContainer.php(624): MailPoetGenerated\FreeCachedContainer->getEntityManagerFactoryService()
#4 /var/www/html/wp-content/plugins/mailpoet/generated/FreeCachedContainer.php(3142): MailPoetGenerated\FreeCachedContainer->getEntityManagerService()
#5 /var/www/html/wp-content/plugins/mailpoet/generated/FreeCachedContainer.php(984): MailPoetGenerated\FreeCachedContainer->getCustomFieldsRepositoryService()
#6 /var/www/html/wp-content/plugins/mailpoet/generated/FreeCachedContainer.php(974): MailPoetGenerated\FreeCachedContainer->getCustomFields2Service()
#7 /var/www/html/wp-content/plugins/mailpoet/vendor-prefixed/symfony/dependency-injection/Container.php(122): MailPoetGenerated\FreeCachedContainer->getAPI2Service()
#8 /var/www/html/wp-content/plugins/mailpoet/vendor-prefixed/symfony/dependency-injection/Container.php(110): MailPoetVendor\Symfony\Component\DependencyInjection\Container->make('MailPoet\\API\\MP...', 1)
#9 /var/www/html/wp-content/plugins/mailpoet/lib/DI/ContainerWrapper.php(39): MailPoetVendor\Symfony\Component\DependencyInjection\Container->get('MailPoet\\API\\MP...')
#10 /var/www/html/wp-content/plugins/mailpoet/lib/API/API.php(21): MailPoet\DI\ContainerWrapper->get('MailPoet\\API\\MP...')
#11 /var/www/html/wp-content/plugins/woocommerce/src/Admin/Marketing/InstalledExtensions.php(372): MailPoet\API\API::MP('v1')
#12 /var/www/html/wp-content/plugins/woocommerce/src/Admin/Marketing/InstalledExtensions.php(31): Automattic\WooCommerce\Admin\Marketing\InstalledExtensions::get_mailpoet_extension_data()
#13 /var/www/html/wp-content/plugins/woocommerce/src/Internal/Admin/Marketing.php(155): Automattic\WooCommerce\Admin\Marketing\InstalledExtensions::get_data()
#14 /var/www/html/wp-includes/class-wp-hook.php(324): Automattic\WooCommerce\Internal\Admin\Marketing->component_settings(Array)
#15 /var/www/html/wp-includes/plugin.php(205): WP_Hook->apply_filters(Array, Array)
#16 /var/www/html/wp-content/plugins/woocommerce/src/Internal/Admin/WCAdminSharedSettings.php(61): apply_filters('woocommerce_adm...', Array)
#17 /var/www/html/wp-content/plugins/woocommerce/packages/woocommerce-blocks/src/Assets/AssetDataRegistry.php(268): Automattic\WooCommerce\Internal\Admin\WCAdminSharedSettings->Automattic\WooCommerce\Internal\Admin\{closure}()
#18 /var/www/html/wp-content/plugins/woocommerce/packages/woocommerce-blocks/src/Assets/AssetDataRegistry.php(393): Automattic\WooCommerce\Blocks\Assets\AssetDataRegistry->execute_lazy_data()
#19 /var/www/html/wp-includes/class-wp-hook.php(324): Automattic\WooCommerce\Blocks\Assets\AssetDataRegistry->enqueue_asset_data('')
#20 /var/www/html/wp-includes/class-wp-hook.php(348): WP_Hook->apply_filters('', Array)
#21 /var/www/html/wp-includes/plugin.php(517): WP_Hook->do_action(Array)
#22 /var/www/html/wp-admin/admin-footer.php(95): do_action('admin_print_foo...')
#23 /var/www/html/wp-admin/admin.php(297): require_once('/var/www/html/w...')
#24 {main}
  thrown

2023-12-06T17:29:47+00:00 CRITICAL /var/www/html/wp-content/plugins/mailpoet/lib/Doctrine/ConnectionFactory.php 中第 85 行的 Uncaught Error: Undefined constant PDO::MYSQL_ATTR_INIT_COMMAND in /var/www/html/wp-content/plugins/mailpoet/lib/Doctrine/ConnectionFactory.php:85
Stack trace:
#0 /var/www/html/wp-content/plugins/mailpoet/lib/Doctrine/ConnectionFactory.php(45): MailPoet\Doctrine\ConnectionFactory->getDriverOptions('+08:00', 'utf8mb4', 'utf8mb4_unicode...')
#1 /var/www/html/wp-content/plugins/mailpoet/generated/FreeCachedContainer.php(614): MailPoet\Doctrine\ConnectionFactory->createConnection()
#2 /var/www/html/wp-content/plugins/mailpoet/generated/FreeCachedContainer.php(3174): MailPoetGenerated\FreeCachedContainer->getConnectionService()
#3 /var/www/html/wp-content/plugins/mailpoet/generated/FreeCachedContainer.php(624): MailPoetGenerated\FreeCachedContainer->getEntityManagerFactoryService()
#4 /var/www/html/wp-content/plugins/mailpoet/generated/FreeCachedContainer.php(3142): MailPoetGenerated\FreeCachedContainer->getEntityManagerService()
#5 /var/www/html/wp-content/plugins/mailpoet/generated/FreeCachedContainer.php(984): MailPoetGenerated\FreeCachedContainer->getCustomFieldsRepositoryService()
#6 /var/www/html/wp-content/plugins/mailpoet/generated/FreeCachedContainer.php(974): MailPoetGenerated\FreeCachedContainer->getCustomFields2Service()
#7 /var/www/html/wp-content/plugins/mailpoet/vendor-prefixed/symfony/dependency-injection/Container.php(122): MailPoetGenerated\FreeCachedContainer->getAPI2Service()
#8 /var/www/html/wp-content/plugins/mailpoet/vendor-prefixed/symfony/dependency-injection/Container.php(110): MailPoetVendor\Symfony\Component\DependencyInjection\Container->make('MailPoet\\API\\MP...', 1)
#9 /var/www/html/wp-content/plugins/mailpoet/lib/DI/ContainerWrapper.php(39): MailPoetVendor\Symfony\Component\DependencyInjection\Container->get('MailPoet\\API\\MP...')
#10 /var/www/html/wp-content/plugins/mailpoet/lib/API/API.php(21): MailPoet\DI\ContainerWrapper->get('MailPoet\\API\\MP...')
#11 /var/www/html/wp-content/plugins/woocommerce/src/Admin/Marketing/InstalledExtensions.php(372): MailPoet\API\API::MP('v1')
#12 /var/www/html/wp-content/plugins/woocommerce/src/Admin/Marketing/InstalledExtensions.php(31): Automattic\WooCommerce\Admin\Marketing\InstalledExtensions::get_mailpoet_extension_data()
#13 /var/www/html/wp-content/plugins/woocommerce/src/Internal/Admin/Marketing.php(155): Automattic\WooCommerce\Admin\Marketing\InstalledExtensions::get_data()
#14 /var/www/html/wp-includes/class-wp-hook.php(324): Automattic\WooCommerce\Internal\Admin\Marketing->component_settings(Array)
#15 /var/www/html/wp-includes/plugin.php(205): WP_Hook->apply_filters(Array, Array)
#16 /var/www/html/wp-content/plugins/woocommerce/src/Internal/Admin/WCAdminSharedSettings.php(61): apply_filters('woocommerce_adm...', Array)
#17 /var/www/html/wp-content/plugins/woocommerce/packages/woocommerce-blocks/src/Assets/AssetDataRegistry.php(268): Automattic\WooCommerce\Internal\Admin\WCAdminSharedSettings->Automattic\WooCommerce\Internal\Admin\{closure}()
#18 /var/www/html/wp-content/plugins/woocommerce/packages/woocommerce-blocks/src/Assets/AssetDataRegistry.php(393): Automattic\WooCommerce\Blocks\Assets\AssetDataRegistry->execute_lazy_data()
#19 /var/www/html/wp-includes/class-wp-hook.php(324): Automattic\WooCommerce\Blocks\Assets\AssetDataRegistry->enqueue_asset_data('')
#20 /var/www/html/wp-includes/class-wp-hook.php(348): WP_Hook->apply_filters('', Array)
#21 /var/www/html/wp-includes/plugin.php(517): WP_Hook->do_action(Array)
#22 /var/www/html/wp-admin/admin-footer.php(95): do_action('admin_print_foo...')
#23 /var/www/html/wp-admin/admin.php(297): require_once('/var/www/html/w...')
#24 {main}
  thrown

2023-12-06T17:30:13+00:00 CRITICAL /var/www/html/wp-content/plugins/mailpoet/lib/Doctrine/ConnectionFactory.php 中第 85 行的 Uncaught Error: Undefined constant PDO::MYSQL_ATTR_INIT_COMMAND in /var/www/html/wp-content/plugins/mailpoet/lib/Doctrine/ConnectionFactory.php:85
Stack trace:
#0 /var/www/html/wp-content/plugins/mailpoet/lib/Doctrine/ConnectionFactory.php(45): MailPoet\Doctrine\ConnectionFactory->getDriverOptions('+08:00', 'utf8mb4', 'utf8mb4_unicode...')
#1 /var/www/html/wp-content/plugins/mailpoet/generated/FreeCachedContainer.php(614): MailPoet\Doctrine\ConnectionFactory->createConnection()
#2 /var/www/html/wp-content/plugins/mailpoet/generated/FreeCachedContainer.php(3174): MailPoetGenerated\FreeCachedContainer->getConnectionService()
#3 /var/www/html/wp-content/plugins/mailpoet/generated/FreeCachedContainer.php(624): MailPoetGenerated\FreeCachedContainer->getEntityManagerFactoryService()
#4 /var/www/html/wp-content/plugins/mailpoet/generated/FreeCachedContainer.php(3142): MailPoetGenerated\FreeCachedContainer->getEntityManagerService()
#5 /var/www/html/wp-content/plugins/mailpoet/generated/FreeCachedContainer.php(984): MailPoetGenerated\FreeCachedContainer->getCustomFieldsRepositoryService()
#6 /var/www/html/wp-content/plugins/mailpoet/generated/FreeCachedContainer.php(974): MailPoetGenerated\FreeCachedContainer->getCustomFields2Service()
#7 /var/www/html/wp-content/plugins/mailpoet/vendor-prefixed/symfony/dependency-injection/Container.php(122): MailPoetGenerated\FreeCachedContainer->getAPI2Service()
#8 /var/www/html/wp-content/plugins/mailpoet/vendor-prefixed/symfony/dependency-injection/Container.php(110): MailPoetVendor\Symfony\Component\DependencyInjection\Container->make('MailPoet\\API\\MP...', 1)
#9 /var/www/html/wp-content/plugins/mailpoet/lib/DI/ContainerWrapper.php(39): MailPoetVendor\Symfony\Component\DependencyInjection\Container->get('MailPoet\\API\\MP...')
#10 /var/www/html/wp-content/plugins/mailpoet/lib/API/API.php(21): MailPoet\DI\ContainerWrapper->get('MailPoet\\API\\MP...')
#11 /var/www/html/wp-content/plugins/woocommerce/src/Admin/Marketing/InstalledExtensions.php(372): MailPoet\API\API::MP('v1')
#12 /var/www/html/wp-content/plugins/woocommerce/src/Admin/Marketing/InstalledExtensions.php(31): Automattic\WooCommerce\Admin\Marketing\InstalledExtensions::get_mailpoet_extension_data()
#13 /var/www/html/wp-content/plugins/woocommerce/src/Internal/Admin/Marketing.php(155): Automattic\WooCommerce\Admin\Marketing\InstalledExtensions::get_data()
#14 /var/www/html/wp-includes/class-wp-hook.php(324): Automattic\WooCommerce\Internal\Admin\Marketing->component_settings(Array)
#15 /var/www/html/wp-includes/plugin.php(205): WP_Hook->apply_filters(Array, Array)
#16 /var/www/html/wp-content/plugins/woocommerce/src/Internal/Admin/WCAdminSharedSettings.php(61): apply_filters('woocommerce_adm...', Array)
#17 /var/www/html/wp-content/plugins/woocommerce/packages/woocommerce-blocks/src/Assets/AssetDataRegistry.php(268): Automattic\WooCommerce\Internal\Admin\WCAdminSharedSettings->Automattic\WooCommerce\Internal\Admin\{closure}()
#18 /var/www/html/wp-content/plugins/woocommerce/packages/woocommerce-blocks/src/Assets/AssetDataRegistry.php(393): Automattic\WooCommerce\Blocks\Assets\AssetDataRegistry->execute_lazy_data()
#19 /var/www/html/wp-includes/class-wp-hook.php(324): Automattic\WooCommerce\Blocks\Assets\AssetDataRegistry->enqueue_asset_data('')
#20 /var/www/html/wp-includes/class-wp-hook.php(348): WP_Hook->apply_filters('', Array)
#21 /var/www/html/wp-includes/plugin.php(517): WP_Hook->do_action(Array)
#22 /var/www/html/wp-admin/admin-footer.php(95): do_action('admin_print_foo...')
#23 /var/www/html/wp-admin/admin.php(297): require_once('/var/www/html/w...')
#24 {main}
  thrown

2023-12-06T17:30:17+00:00 CRITICAL /var/www/html/wp-content/plugins/mailpoet/lib/Doctrine/ConnectionFactory.php 中第 85 行的 Uncaught Error: Undefined constant PDO::MYSQL_ATTR_INIT_COMMAND in /var/www/html/wp-content/plugins/mailpoet/lib/Doctrine/ConnectionFactory.php:85
Stack trace:
#0 /var/www/html/wp-content/plugins/mailpoet/lib/Doctrine/ConnectionFactory.php(45): MailPoet\Doctrine\ConnectionFactory->getDriverOptions('+08:00', 'utf8mb4', 'utf8mb4_unicode...')
#1 /var/www/html/wp-content/plugins/mailpoet/generated/FreeCachedContainer.php(614): MailPoet\Doctrine\ConnectionFactory->createConnection()
#2 /var/www/html/wp-content/plugins/mailpoet/generated/FreeCachedContainer.php(3174): MailPoetGenerated\FreeCachedContainer->getConnectionService()
#3 /var/www/html/wp-content/plugins/mailpoet/generated/FreeCachedContainer.php(624): MailPoetGenerated\FreeCachedContainer->getEntityManagerFactoryService()
#4 /var/www/html/wp-content/plugins/mailpoet/generated/FreeCachedContainer.php(3142): MailPoetGenerated\FreeCachedContainer->getEntityManagerService()
#5 /var/www/html/wp-content/plugins/mailpoet/generated/FreeCachedContainer.php(984): MailPoetGenerated\FreeCachedContainer->getCustomFieldsRepositoryService()
#6 /var/www/html/wp-content/plugins/mailpoet/generated/FreeCachedContainer.php(974): MailPoetGenerated\FreeCachedContainer->getCustomFields2Service()
#7 /var/www/html/wp-content/plugins/mailpoet/vendor-prefixed/symfony/dependency-injection/Container.php(122): MailPoetGenerated\FreeCachedContainer->getAPI2Service()
#8 /var/www/html/wp-content/plugins/mailpoet/vendor-prefixed/symfony/dependency-injection/Container.php(110): MailPoetVendor\Symfony\Component\DependencyInjection\Container->make('MailPoet\\API\\MP...', 1)
#9 /var/www/html/wp-content/plugins/mailpoet/lib/DI/ContainerWrapper.php(39): MailPoetVendor\Symfony\Component\DependencyInjection\Container->get('MailPoet\\API\\MP...')
#10 /var/www/html/wp-content/plugins/mailpoet/lib/API/API.php(21): MailPoet\DI\ContainerWrapper->get('MailPoet\\API\\MP...')
#11 /var/www/html/wp-content/plugins/woocommerce/src/Admin/Marketing/InstalledExtensions.php(372): MailPoet\API\API::MP('v1')
#12 /var/www/html/wp-content/plugins/woocommerce/src/Admin/Marketing/InstalledExtensions.php(31): Automattic\WooCommerce\Admin\Marketing\InstalledExtensions::get_mailpoet_extension_data()
#13 /var/www/html/wp-content/plugins/woocommerce/src/Internal/Admin/Marketing.php(155): Automattic\WooCommerce\Admin\Marketing\InstalledExtensions::get_data()
#14 /var/www/html/wp-includes/class-wp-hook.php(324): Automattic\WooCommerce\Internal\Admin\Marketing->component_settings(Array)
#15 /var/www/html/wp-includes/plugin.php(205): WP_Hook->apply_filters(Array, Array)
#16 /var/www/html/wp-content/plugins/woocommerce/src/Internal/Admin/WCAdminSharedSettings.php(61): apply_filters('woocommerce_adm...', Array)
#17 /var/www/html/wp-content/plugins/woocommerce/packages/woocommerce-blocks/src/Assets/AssetDataRegistry.php(268): Automattic\WooCommerce\Internal\Admin\WCAdminSharedSettings->Automattic\WooCommerce\Internal\Admin\{closure}()
#18 /var/www/html/wp-content/plugins/woocommerce/packages/woocommerce-blocks/src/Assets/AssetDataRegistry.php(393): Automattic\WooCommerce\Blocks\Assets\AssetDataRegistry->execute_lazy_data()
#19 /var/www/html/wp-includes/class-wp-hook.php(324): Automattic\WooCommerce\Blocks\Assets\AssetDataRegistry->enqueue_asset_data('')
#20 /var/www/html/wp-includes/class-wp-hook.php(348): WP_Hook->apply_filters('', Array)
#21 /var/www/html/wp-includes/plugin.php(517): WP_Hook->do_action(Array)
#22 /var/www/html/wp-admin/admin-footer.php(95): do_action('admin_print_foo...')
#23 /var/www/html/wp-admin/admin.php(297): require_once('/var/www/html/w...')
#24 {main}
  thrown

2023-12-06T17:34:18+00:00 CRITICAL /var/www/html/wp-content/plugins/woocommerce-payments/includes/wc-payment-api/class-wc-payments-http.php 中第 194 行的 Uncaught WCPay\Exceptions\API_Exception: Your site host "10.37.37.220" is on a private network. Jetpack can only connect to public sites. in /var/www/html/wp-content/plugins/woocommerce-payments/includes/wc-payment-api/class-wc-payments-http.php:194
Stack trace:
#0 /var/www/html/wp-content/plugins/woocommerce-payments/includes/wc-payment-api/class-wc-payments-api-client.php(221): WC_Payments_Http->start_connection('http://10.37.37...')
#1 /var/www/html/wp-content/plugins/woocommerce-payments/includes/class-wc-payments-account.php(1886): WC_Payments_API_Client->start_server_connection('http://10.37.37...')
#2 /var/www/html/wp-content/plugins/woocommerce-payments/includes/class-wc-payments-account.php(983): WC_Payments_Account->redirect_to_onboarding_flow_page()
#3 /var/www/html/wp-includes/class-wp-hook.php(324): WC_Payments_Account->maybe_handle_onboarding('')
#4 /var/www/html/wp-includes/class-wp-hook.php(348): WP_Hook->apply_filters(NULL, Array)
#5 /var/www/html/wp-includes/plugin.php(517): WP_Hook->do_action(Array)
#6 /var/www/html/wp-admin/admin.php(175): do_action('admin_init')
#7 /var/www/html/wp-admin/index.php(10): require_once('/var/www/html/w...')
#8 {main}
  thrown

2023-12-06T17:34:31+00:00 CRITICAL /var/www/html/wp-content/plugins/woocommerce-payments/includes/wc-payment-api/class-wc-payments-http.php 中第 194 行的 Uncaught WCPay\Exceptions\API_Exception: Your site host "10.37.37.220" is on a private network. Jetpack can only connect to public sites. in /var/www/html/wp-content/plugins/woocommerce-payments/includes/wc-payment-api/class-wc-payments-http.php:194
Stack trace:
#0 /var/www/html/wp-content/plugins/woocommerce-payments/includes/wc-payment-api/class-wc-payments-api-client.php(221): WC_Payments_Http->start_connection('http://10.37.37...')
#1 /var/www/html/wp-content/plugins/woocommerce-payments/includes/class-wc-payments-account.php(1886): WC_Payments_API_Client->start_server_connection('http://10.37.37...')
#2 /var/www/html/wp-content/plugins/woocommerce-payments/includes/class-wc-payments-account.php(983): WC_Payments_Account->redirect_to_onboarding_flow_page()
#3 /var/www/html/wp-includes/class-wp-hook.php(324): WC_Payments_Account->maybe_handle_onboarding('')
#4 /var/www/html/wp-includes/class-wp-hook.php(348): WP_Hook->apply_filters(NULL, Array)
#5 /var/www/html/wp-includes/plugin.php(517): WP_Hook->do_action(Array)
#6 /var/www/html/wp-admin/admin.php(175): do_action('admin_init')
#7 /var/www/html/wp-admin/index.php(10): require_once('/var/www/html/w...')
#8 {main}
  thrown

2023-12-06T17:34:43+00:00 CRITICAL /var/www/html/wp-content/plugins/woocommerce-payments/includes/wc-payment-api/class-wc-payments-http.php 中第 194 行的 Uncaught WCPay\Exceptions\API_Exception: Your site host "10.37.37.220" is on a private network. Jetpack can only connect to public sites. in /var/www/html/wp-content/plugins/woocommerce-payments/includes/wc-payment-api/class-wc-payments-http.php:194
Stack trace:
#0 /var/www/html/wp-content/plugins/woocommerce-payments/includes/wc-payment-api/class-wc-payments-api-client.php(221): WC_Payments_Http->start_connection('http://10.37.37...')
#1 /var/www/html/wp-content/plugins/woocommerce-payments/includes/class-wc-payments-account.php(1886): WC_Payments_API_Client->start_server_connection('http://10.37.37...')
#2 /var/www/html/wp-content/plugins/woocommerce-payments/includes/class-wc-payments-account.php(983): WC_Payments_Account->redirect_to_onboarding_flow_page()
#3 /var/www/html/wp-includes/class-wp-hook.php(324): WC_Payments_Account->maybe_handle_onboarding('')
#4 /var/www/html/wp-includes/class-wp-hook.php(348): WP_Hook->apply_filters(NULL, Array)
#5 /var/www/html/wp-includes/plugin.php(517): WP_Hook->do_action(Array)
#6 /var/www/html/wp-admin/admin.php(175): do_action('admin_init')
#7 /var/www/html/wp-admin/index.php(10): require_once('/var/www/html/w...')
#8 {main}
  thrown

2023-12-06T17:34:45+00:00 CRITICAL /var/www/html/wp-content/plugins/woocommerce-payments/includes/wc-payment-api/class-wc-payments-http.php 中第 194 行的 Uncaught WCPay\Exceptions\API_Exception: Your site host "10.37.37.220" is on a private network. Jetpack can only connect to public sites. in /var/www/html/wp-content/plugins/woocommerce-payments/includes/wc-payment-api/class-wc-payments-http.php:194
Stack trace:
#0 /var/www/html/wp-content/plugins/woocommerce-payments/includes/wc-payment-api/class-wc-payments-api-client.php(221): WC_Payments_Http->start_connection('http://10.37.37...')
#1 /var/www/html/wp-content/plugins/woocommerce-payments/includes/class-wc-payments-account.php(1886): WC_Payments_API_Client->start_server_connection('http://10.37.37...')
#2 /var/www/html/wp-content/plugins/woocommerce-payments/includes/class-wc-payments-account.php(983): WC_Payments_Account->redirect_to_onboarding_flow_page()
#3 /var/www/html/wp-includes/class-wp-hook.php(324): WC_Payments_Account->maybe_handle_onboarding('')
#4 /var/www/html/wp-includes/class-wp-hook.php(348): WP_Hook->apply_filters(NULL, Array)
#5 /var/www/html/wp-includes/plugin.php(517): WP_Hook->do_action(Array)
#6 /var/www/html/wp-admin/admin.php(175): do_action('admin_init')
#7 /var/www/html/wp-admin/index.php(10): require_once('/var/www/html/w...')
#8 {main}
  thrown

2023-12-06T17:34:49+00:00 CRITICAL /var/www/html/wp-content/plugins/woocommerce-payments/includes/wc-payment-api/class-wc-payments-http.php 中第 194 行的 Uncaught WCPay\Exceptions\API_Exception: Your site host "10.37.37.220" is on a private network. Jetpack can only connect to public sites. in /var/www/html/wp-content/plugins/woocommerce-payments/includes/wc-payment-api/class-wc-payments-http.php:194
Stack trace:
#0 /var/www/html/wp-content/plugins/woocommerce-payments/includes/wc-payment-api/class-wc-payments-api-client.php(221): WC_Payments_Http->start_connection('http://10.37.37...')
#1 /var/www/html/wp-content/plugins/woocommerce-payments/includes/class-wc-payments-account.php(1886): WC_Payments_API_Client->start_server_connection('http://10.37.37...')
#2 /var/www/html/wp-content/plugins/woocommerce-payments/includes/class-wc-payments-account.php(983): WC_Payments_Account->redirect_to_onboarding_flow_page()
#3 /var/www/html/wp-includes/class-wp-hook.php(324): WC_Payments_Account->maybe_handle_onboarding('')
#4 /var/www/html/wp-includes/class-wp-hook.php(348): WP_Hook->apply_filters(NULL, Array)
#5 /var/www/html/wp-includes/plugin.php(517): WP_Hook->do_action(Array)
#6 /var/www/html/wp-admin/admin.php(175): do_action('admin_init')
#7 /var/www/html/wp-admin/index.php(10): require_once('/var/www/html/w...')
#8 {main}
  thrown

